<?xml version="1.0" encoding="UTF-8"?>
<!-- Generated by org.testng.reporters.JUnitReportReporter -->
<testsuite skipped="0" hostname="amar" name="TestClasses.LoginPageTest" tests="6" failures="0" timestamp="2025-04-01T23:05:28 IST" time="39.436" errors="0">
  <testcase name="verifyLoginTest" time="11.135" classname="TestClasses.LoginPageTest"/>
  <testcase name="verifyLoginPageURLTest" time="13.257" classname="TestClasses.LoginPageTest"/>
  <testcase name="verifyLoginPageURLTest" time="3.094" classname="TestClasses.LoginPageTest"/>
  <testcase name="verifyLoginPageURLTest" time="3.967" classname="TestClasses.LoginPageTest"/>
  <testcase name="verifyTitleTest" time="3.961" classname="TestClasses.LoginPageTest"/>
  <testcase name="verifySwagLabLogoTest" time="4.022" classname="TestClasses.LoginPageTest"/>
</testsuite> <!-- TestClasses.LoginPageTest -->
