<?xml version="1.0" encoding="UTF-8"?>
<!-- Generated by org.testng.reporters.JUnitReportReporter -->
<testsuite skipped="3" hostname="amar" name="TestClasses.LoginPageTest" tests="6" failures="0" timestamp="2025-03-04T17:42:35 IST" time="33.775" errors="0">
  <testcase name="verifyLoginPageURLTest" time="10.010" classname="TestClasses.LoginPageTest"/>
  <testcase name="verifyLoginPageURLTest" time="11.260" classname="TestClasses.LoginPageTest"/>
  <testcase name="verifyLoginPageURLTest" time="12.505" classname="TestClasses.LoginPageTest"/>
  <testcase name="verifyLoginTest" classname="TestClasses.LoginPageTest">
    <skipped/>
  </testcase> <!-- verifyLoginTest -->
  <testcase name="verifySwagLabLogoTest" classname="TestClasses.LoginPageTest">
    <skipped/>
  </testcase> <!-- verifySwagLabLogoTest -->
  <testcase name="verifyTitleTest" classname="TestClasses.LoginPageTest">
    <skipped/>
  </testcase> <!-- verifyTitleTest -->
</testsuite> <!-- TestClasses.LoginPageTest -->
